2025-04-12 20:22:18 - [__main__] - ERROR - Error: SMTAT4.__init__() missing 1 required positional argument: 'config'
2025-04-12 20:23:04 - [Service] - INFO - Starting smt_at4 service..
2025-04-12 20:23:04 - [SMTAT4] - INFO - Service smt at4 running...
2025-04-12 20:27:15 - [Service] - INFO - Starting smt_at4 service..
2025-04-12 20:27:15 - [SMTAT4] - INFO - Service smt at4 running...
2025-04-12 20:27:15 - [__main__] - ERROR - Error: 'host'
2025-04-12 20:27:55 - [Service] - INFO - Starting smt_at4 service..
2025-04-12 20:27:55 - [SMTAT4] - INFO - Service smt at4 running...
2025-04-12 20:28:25 - [Service] - INFO - Starting smt_at4 service..
2025-04-12 20:28:25 - [SMTAT4] - INFO - Service smt at4 running...
2025-04-12 20:28:37 - [Service] - INFO - Starting smt_at4 service..
2025-04-12 20:28:37 - [SMTAT4] - INFO - Service smt at4 running...
2025-04-12 20:28:37 - [MySQLConnector] - INFO - Mencoba menghubungkan ke database MySQL: 10.10.200.20:10086
2025-04-12 20:28:58 - [MySQLConnector] - ERROR - Gagal terhubung ke database MySQL: 2003 (HY000): Can't connect to MySQL server on '10.10.200.20:10086' (10060)
2025-04-12 20:28:58 - [__main__] - ERROR - Error: 2003 (HY000): Can't connect to MySQL server on '10.10.200.20:10086' (10060)
2025-04-12 20:30:53 - [Service] - INFO - Starting smt_at4 service..
2025-04-12 20:30:53 - [SMTAT4] - INFO - Service smt at4 running...
2025-04-12 20:30:53 - [MySQLConnector] - INFO - Mencoba menghubungkan ke database MySQL: 103.145.177.173:10086
2025-04-12 20:30:53 - [MySQLConnector] - INFO - Menghubungkan...
2025-04-12 20:30:53 - [MySQLConnector] - INFO - Koneksi MySQL berhasil!
2025-04-12 20:32:28 - [Service] - INFO - Starting smt_at4 service..
2025-04-12 20:32:28 - [SMTAT4] - INFO - Service smt at4 running...
2025-04-12 20:32:28 - [MySQLConnector] - INFO - Mencoba menghubungkan ke database MySQL: 103.145.177.173:10086
2025-04-12 20:32:28 - [MySQLConnector] - INFO - Menghubungkan...
2025-04-12 20:32:28 - [MySQLConnector] - INFO - Koneksi MySQL berhasil!
2025-04-12 20:32:50 - [Service] - INFO - Starting smt_at4 service..
2025-04-12 20:32:50 - [SMTAT4] - INFO - Service smt at4 running...
2025-04-12 20:32:50 - [MySQLConnector] - INFO - Mencoba menghubungkan ke database MySQL: 103.145.177.173:10086
2025-04-12 20:32:50 - [MySQLConnector] - INFO - Menghubungkan...
2025-04-12 20:38:57 - INFO - Starting smt_at4 service..
2025-04-12 20:38:57 - INFO - Service smt at4 running...
2025-04-12 20:38:57 - INFO - Mencoba menghubungkan ke database MySQL: 103.145.177.173:10086
2025-04-12 20:38:57 - INFO - Menghubungkan...
2025-04-12 20:38:57 - INFO - Koneksi MySQL berhasil!
2025-04-12 20:39:36 - INFO - Starting smt_at4 service..
2025-04-12 20:39:36 - INFO - Service smt at4 running...
2025-04-12 20:39:36 - INFO - Mencoba menghubungkan ke database MySQL: 103.145.177.173:10086
2025-04-12 20:39:36 - INFO - Menghubungkan...
2025-04-12 20:39:36 - INFO - Koneksi MySQL berhasil!
2025-04-12 20:40:17 - INFO - Starting smt_at4 service..
2025-04-12 20:40:17 - INFO - Service smt at4 running...
2025-04-12 20:40:17 - INFO - Mencoba menghubungkan ke database MySQL: localhost:3306
2025-04-12 20:40:17 - INFO - Menghubungkan...
2025-04-12 20:40:21 - ERROR - Gagal terhubung ke database MySQL: 2003 (HY000): Can't connect to MySQL server on 'localhost:3306' (10061)
2025-04-12 20:40:21 - ERROR - Error: 2003 (HY000): Can't connect to MySQL server on 'localhost:3306' (10061)
2025-04-12 20:40:37 - INFO - Starting smt_at4 service..
2025-04-12 20:40:37 - INFO - Service smt at4 running...
2025-04-12 20:40:37 - INFO - Mencoba menghubungkan ke database MySQL: localhost:3306
2025-04-12 20:40:37 - INFO - Menghubungkan...
2025-04-12 20:40:41 - ERROR - Gagal terhubung ke database MySQL: 2003 (HY000): Can't connect to MySQL server on 'localhost:3306' (10061)
2025-04-12 20:40:41 - ERROR - Error: 2003 (HY000): Can't connect to MySQL server on 'localhost:3306' (10061)
2025-04-12 20:41:47 - INFO - Starting smt_at4 service..
2025-04-12 20:41:47 - INFO - Service smt at4 running...
2025-04-12 20:41:47 - INFO - Mencoba menghubungkan ke database MySQL: localhost:3306
2025-04-12 20:41:47 - INFO - Menghubungkan...
2025-04-12 20:41:51 - ERROR - Gagal terhubung ke database MySQL: 2003 (HY000): Can't connect to MySQL server on 'localhost:3306' (10061)
2025-04-12 20:41:51 - ERROR - Error: 2003 (HY000): Can't connect to MySQL server on 'localhost:3306' (10061)
2025-04-12 20:44:11 - INFO - Starting smt_at4 service..
2025-04-12 20:44:11 - INFO - Service smt at4 running...
2025-04-12 20:44:11 - INFO - Mencoba menghubungkan ke database MySQL: 103.145.177.173:10086
2025-04-12 20:44:11 - INFO - Menghubungkan...
2025-04-12 20:44:11 - INFO - Koneksi MySQL berhasil!
2025-04-12 20:44:12 - ERROR - Terjadi error saat menjalankan service: 1146 (42S02): Table 'jmj_lattol_34.some_table' doesn't exist
2025-04-12 20:55:48 - INFO - Starting smt_at4 service..
2025-04-12 20:55:48 - INFO - Service smt at4 running...
2025-04-12 20:55:48 - INFO - Mencoba menghubungkan ke database MySQL: 103.145.177.173:10086
2025-04-12 20:55:48 - INFO - Koneksi MySQL berhasil!
2025-04-12 20:55:48 - INFO - Menjalankan query: SELECT * FROM smt_at4 WHERE flag = %s ORDER BY id ASC dengan parameter (0,)
2025-04-12 20:55:48 - INFO - Query berhasil dijalankan. 8 baris data ditemukan.
2025-04-12 20:55:48 - INFO - Ditemukan 8 data.
2025-04-12 20:55:48 - INFO - Menutup cursor...
2025-04-12 20:55:48 - INFO - Menutup koneksi ke database...
2025-04-12 21:00:04 - INFO - Starting smt_at4 service..
2025-04-12 21:00:04 - INFO - Service smt at4 running...
2025-04-12 21:00:04 - INFO - Mencoba menghubungkan ke database MySQL: 103.145.177.173:10086
2025-04-12 21:00:04 - INFO - Koneksi MySQL berhasil!
2025-04-12 21:00:04 - INFO - Menjalankan query: SELECT * FROM smt_at4 WHERE flag = %s ORDER BY id ASC dengan parameter (0,)
2025-04-12 21:00:04 - INFO - Query berhasil dijalankan. 8 baris data ditemukan.
2025-04-12 21:00:04 - INFO - Ditemukan 8 data.
2025-04-12 21:00:04 - INFO - Menutup cursor...
2025-04-12 21:00:04 - INFO - Menutup koneksi ke database...
2025-04-12 21:01:16 - INFO - Starting smt_at4 service..
2025-04-12 21:01:16 - INFO - Service smt at4 running...
2025-04-12 21:01:16 - INFO - Mencoba menghubungkan ke database MySQL: 103.145.177.173:10086
2025-04-12 21:01:16 - INFO - Koneksi MySQL berhasil!
2025-04-12 21:01:16 - INFO - Menjalankan query: SELECT * FROM smt_at4 WHERE flag = %s ORDER BY id ASC dengan parameter (0,)
2025-04-12 21:01:16 - INFO - Query berhasil dijalankan. 8 baris data ditemukan.
2025-04-12 21:01:16 - INFO - Ditemukan 8 data.
2025-04-12 21:01:16 - INFO - Menutup cursor...
2025-04-12 21:01:16 - INFO - Menutup koneksi ke database...
2025-04-12 21:04:29 - INFO - Starting smt_at4 service..
2025-04-12 21:04:29 - INFO - Service smt at4 running...
2025-04-12 21:04:29 - INFO - Mencoba menghubungkan ke database MySQL: 103.145.177.173:10086
2025-04-12 21:04:29 - INFO - Koneksi MySQL berhasil!
2025-04-12 21:04:29 - INFO - Ditemukan 8 data.
2025-04-12 21:04:29 - INFO - Menutup cursor...
2025-04-12 21:04:29 - INFO - Menutup koneksi ke database...
2025-04-12 21:05:36 - INFO - Service smt at4 running...
2025-04-12 21:05:36 - INFO - Menghubungkan ke database MySQL: 103.145.177.173:10086
2025-04-12 21:05:36 - INFO - Koneksi MySQL berhasil!
2025-04-12 21:05:36 - INFO - Ditemukan 8 data.
2025-04-12 21:05:36 - INFO - Menutup cursor...
2025-04-12 21:05:36 - INFO - Menutup koneksi ke database...
2025-04-12 21:07:16 - INFO - Service smt at4 running...
2025-04-12 21:07:16 - INFO - Menghubungkan ke database MySQL: 103.145.177.173:10086
2025-04-12 21:07:16 - INFO - Koneksi MySQL berhasil!
2025-04-12 21:07:16 - INFO - Ditemukan 1 data.
2025-04-12 21:07:16 - INFO - Menutup cursor...
2025-04-12 21:07:16 - INFO - Menutup koneksi ke database...
2025-04-12 21:13:24 - INFO - Service smt at4 running...
2025-04-12 21:13:24 - INFO - Menghubungkan ke database MySQL: 103.145.177.173:10086
2025-04-12 21:13:24 - INFO - Koneksi MySQL berhasil!
2025-04-12 21:13:24 - INFO - Ditemukan 1 data.
2025-04-12 21:13:24 - INFO - Menutup cursor...
2025-04-12 21:13:24 - INFO - Menutup koneksi ke database...
2025-04-12 21:13:57 - INFO - Service smt at4 running...
2025-04-12 21:13:57 - INFO - Menghubungkan ke database MySQL: 103.145.177.173:10086
2025-04-12 21:13:58 - INFO - Koneksi MySQL berhasil!
2025-04-12 21:13:58 - INFO - Ditemukan 8 data.
2025-04-12 21:13:58 - INFO - Menutup cursor...
2025-04-12 21:13:58 - INFO - Menutup koneksi ke database...
2025-04-12 21:25:43 - INFO - Service smt at4 running...
2025-04-12 21:25:43 - INFO - Menghubungkan ke database MySQL: 103.145.177.173:10086
2025-04-12 21:25:44 - INFO - Koneksi MySQL berhasil!
2025-04-12 21:25:44 - INFO - Ditemukan 8 data.
2025-04-12 21:25:44 - ERROR - Terjadi error saat menjalankan service: Object of type date is not JSON serializable
2025-04-12 21:25:44 - INFO - Menutup cursor...
2025-04-12 21:25:44 - INFO - Menutup koneksi ke database...
2025-04-12 21:26:52 - INFO - Service smt at4 running...
2025-04-12 21:26:52 - INFO - Menghubungkan ke database MySQL: 103.145.177.173:10086
2025-04-12 21:26:52 - INFO - Koneksi MySQL berhasil!
2025-04-12 21:26:52 - INFO - Ditemukan 8 data.
2025-04-12 21:26:52 - ERROR - Terjadi error saat menjalankan service: Object of type date is not JSON serializable
2025-04-12 21:26:52 - INFO - Menutup cursor...
2025-04-12 21:26:52 - INFO - Menutup koneksi ke database...
2025-04-12 21:27:26 - INFO - Service smt at4 running...
2025-04-12 21:27:26 - INFO - Menghubungkan ke database MySQL: 103.145.177.173:10086
2025-04-12 21:27:27 - INFO - Koneksi MySQL berhasil!
2025-04-12 21:27:27 - INFO - Ditemukan 8 data.
2025-04-12 21:27:27 - ERROR - Terjadi error saat menjalankan service: Object of type date is not JSON serializable
2025-04-12 21:27:27 - INFO - Menutup cursor...
2025-04-12 21:27:27 - INFO - Menutup koneksi ke database...
2025-04-12 21:27:51 - INFO - Service smt at4 running...
2025-04-12 21:27:51 - INFO - Menghubungkan ke database MySQL: 103.145.177.173:10086
2025-04-12 21:27:51 - INFO - Koneksi MySQL berhasil!
2025-04-12 21:27:51 - INFO - Ditemukan 8 data.
2025-04-12 21:27:51 - ERROR - Terjadi error saat menjalankan service: Object of type date is not JSON serializable
2025-04-12 21:27:51 - INFO - Menutup cursor...
2025-04-12 21:27:51 - INFO - Menutup koneksi ke database...
2025-04-12 21:28:24 - INFO - Service smt at4 running...
2025-04-12 21:28:24 - INFO - Menghubungkan ke database MySQL: 103.145.177.173:10086
2025-04-12 21:28:24 - INFO - Koneksi MySQL berhasil!
2025-04-12 21:28:24 - INFO - Ditemukan 8 data.
2025-04-12 21:28:24 - ERROR - Terjadi error saat menjalankan service: Object of type date is not JSON serializable
2025-04-12 21:28:24 - INFO - Menutup cursor...
2025-04-12 21:28:24 - INFO - Menutup koneksi ke database...
2025-04-12 21:28:42 - INFO - Service smt at4 running...
2025-04-12 21:28:42 - INFO - Menghubungkan ke database MySQL: 103.145.177.173:10086
2025-04-12 21:28:42 - INFO - Koneksi MySQL berhasil!
2025-04-12 21:28:42 - INFO - Ditemukan 8 data.
2025-04-12 21:28:42 - ERROR - Terjadi error saat menjalankan service: Object of type date is not JSON serializable
2025-04-12 21:28:42 - INFO - Menutup cursor...
2025-04-12 21:28:42 - INFO - Menutup koneksi ke database...
2025-04-12 21:29:20 - INFO - Service smt at4 running...
2025-04-12 21:29:20 - INFO - Menghubungkan ke database MySQL: 103.145.177.173:10086
2025-04-12 21:29:20 - INFO - Koneksi MySQL berhasil!
2025-04-12 21:29:20 - INFO - Ditemukan 8 data.
2025-04-12 21:29:20 - INFO - Menutup cursor...
2025-04-12 21:29:20 - INFO - Menutup koneksi ke database...
2025-04-12 21:29:28 - INFO - Service smt at4 running...
2025-04-12 21:29:28 - INFO - Menghubungkan ke database MySQL: 103.145.177.173:10086
2025-04-12 21:29:28 - INFO - Koneksi MySQL berhasil!
2025-04-12 21:29:28 - INFO - Ditemukan 8 data.
2025-04-12 21:29:28 - INFO - Menutup cursor...
2025-04-12 21:29:28 - INFO - Menutup koneksi ke database...
2025-04-12 21:31:50 - INFO - Service smt at4 running...
2025-04-12 21:31:50 - INFO - Menghubungkan ke database MySQL: 103.145.177.173:10086
2025-04-12 21:31:50 - INFO - Koneksi MySQL berhasil!
2025-04-12 21:31:50 - INFO - Ditemukan 8 data.
2025-04-12 21:31:50 - ERROR - Terjadi error saat menjalankan service: too many values to unpack (expected 2)
2025-04-12 21:31:50 - INFO - Menutup cursor...
2025-04-12 21:31:50 - INFO - Menutup koneksi ke database...
2025-04-12 21:32:26 - INFO - Service smt at4 running...
2025-04-12 21:32:26 - INFO - Menghubungkan ke database MySQL: 103.145.177.173:10086
2025-04-12 21:32:26 - INFO - Koneksi MySQL berhasil!
2025-04-12 21:32:26 - INFO - Ditemukan 8 data.
2025-04-12 21:32:26 - INFO - Menutup cursor...
2025-04-12 21:32:26 - INFO - Menutup koneksi ke database...
2025-04-12 21:33:52 - INFO - Service smt at4 running...
2025-04-12 21:33:52 - INFO - Menghubungkan ke database MySQL: 103.145.177.173:10086
2025-04-12 21:33:52 - INFO - Koneksi MySQL berhasil!
2025-04-12 21:33:52 - INFO - Ditemukan 8 data.
2025-04-12 21:33:52 - INFO - Menutup cursor...
2025-04-12 21:33:52 - INFO - Menutup koneksi ke database...
2025-04-12 21:34:42 - INFO - Service smt at4 running...
2025-04-12 21:34:42 - INFO - Menghubungkan ke database MySQL: 103.145.177.173:10086
2025-04-12 21:34:42 - INFO - Koneksi MySQL berhasil!
2025-04-12 21:34:43 - INFO - Ditemukan 8 data.
2025-04-12 21:34:43 - ERROR - Terjadi error saat menjalankan service: too many values to unpack (expected 2)
2025-04-12 21:34:43 - INFO - Menutup cursor...
2025-04-12 21:34:43 - INFO - Menutup koneksi ke database...
2025-04-12 21:34:59 - INFO - Service smt at4 running...
2025-04-12 21:34:59 - INFO - Menghubungkan ke database MySQL: 103.145.177.173:10086
2025-04-12 21:35:00 - INFO - Koneksi MySQL berhasil!
2025-04-12 21:35:00 - INFO - Ditemukan 8 data.
2025-04-12 21:35:00 - INFO - Menutup cursor...
2025-04-12 21:35:00 - INFO - Menutup koneksi ke database...
2025-04-12 21:37:54 - INFO - Service smt at4 running...
2025-04-12 21:37:54 - INFO - Menghubungkan ke database MySQL: 103.145.177.173:10086
2025-04-12 21:37:54 - INFO - Koneksi MySQL berhasil!
2025-04-12 21:37:54 - INFO - Ditemukan 8 data.
2025-04-12 21:37:54 - INFO - Menutup cursor...
2025-04-12 21:37:54 - INFO - Menutup koneksi ke database...
2025-04-12 21:38:26 - INFO - Service smt at4 running...
2025-04-12 21:38:26 - INFO - Menghubungkan ke database MySQL: 103.145.177.173:10086
2025-04-12 21:38:27 - INFO - Koneksi MySQL berhasil!
2025-04-12 21:38:27 - INFO - Ditemukan 1 data.
2025-04-12 21:38:27 - INFO - Menutup cursor...
2025-04-12 21:38:27 - INFO - Menutup koneksi ke database...
2025-04-12 21:41:37 - INFO - Service smt at4 running...
2025-04-12 21:41:37 - INFO - Menghubungkan ke database MySQL: 103.145.177.173:10086
2025-04-12 21:41:37 - INFO - Koneksi MySQL berhasil!
2025-04-12 21:41:37 - INFO - Ditemukan 1 data.
2025-04-12 21:41:38 - INFO - Menutup cursor...
2025-04-12 21:41:38 - INFO - Menutup koneksi ke database...
2025-04-12 21:41:51 - INFO - Service smt at4 running...
2025-04-12 21:41:51 - INFO - Menghubungkan ke database MySQL: 103.145.177.173:10086
2025-04-12 21:41:51 - INFO - Koneksi MySQL berhasil!
2025-04-12 21:41:51 - INFO - Ditemukan 1 data.
2025-04-12 21:41:51 - INFO - Menutup cursor...
2025-04-12 21:41:51 - INFO - Menutup koneksi ke database...
2025-04-12 21:42:07 - INFO - Service smt at4 running...
2025-04-12 21:42:07 - INFO - Menghubungkan ke database MySQL: 103.145.177.173:10086
2025-04-12 21:42:08 - INFO - Koneksi MySQL berhasil!
2025-04-12 21:42:08 - INFO - Ditemukan 1 data.
2025-04-12 21:42:08 - INFO - Menutup cursor...
2025-04-12 21:42:08 - INFO - Menutup koneksi ke database...
2025-04-12 21:42:25 - INFO - Service smt at4 running...
2025-04-12 21:42:25 - INFO - Menghubungkan ke database MySQL: 103.145.177.173:10086
2025-04-12 21:42:26 - INFO - Koneksi MySQL berhasil!
2025-04-12 21:42:26 - INFO - Ditemukan 1 data.
2025-04-12 21:42:26 - ERROR - Terjadi error saat menjalankan service: cannot unpack non-iterable int object
2025-04-12 21:42:26 - INFO - Menutup cursor...
2025-04-12 21:42:26 - INFO - Menutup koneksi ke database...
2025-04-12 21:42:47 - INFO - Service smt at4 running...
2025-04-12 21:42:47 - INFO - Menghubungkan ke database MySQL: 103.145.177.173:10086
2025-04-12 21:42:47 - INFO - Koneksi MySQL berhasil!
2025-04-12 21:42:47 - INFO - Ditemukan 1 data.
2025-04-12 21:42:47 - INFO - Menutup cursor...
2025-04-12 21:42:47 - INFO - Menutup koneksi ke database...
2025-04-12 21:43:13 - INFO - Service smt at4 running...
2025-04-12 21:43:13 - INFO - Menghubungkan ke database MySQL: 103.145.177.173:10086
2025-04-12 21:43:13 - INFO - Koneksi MySQL berhasil!
2025-04-12 21:43:13 - INFO - Ditemukan 1 data.
2025-04-12 21:43:14 - INFO - Menutup cursor...
2025-04-12 21:43:14 - INFO - Menutup koneksi ke database...
2025-04-12 21:43:41 - INFO - Service smt at4 running...
2025-04-12 21:43:41 - INFO - Menghubungkan ke database MySQL: 103.145.177.173:10086
2025-04-12 21:43:41 - INFO - Koneksi MySQL berhasil!
2025-04-12 21:43:41 - INFO - Ditemukan 1 data.
2025-04-12 21:43:41 - INFO - Menutup cursor...
2025-04-12 21:43:41 - INFO - Menutup koneksi ke database...
2025-04-12 21:46:15 - INFO - Service smt at4 running...
2025-04-12 21:46:15 - INFO - Menghubungkan ke database MySQL: 103.145.177.173:10086
2025-04-12 21:46:15 - INFO - Koneksi MySQL berhasil!
2025-04-12 21:46:15 - INFO - Ditemukan 1 data.
2025-04-12 21:46:15 - INFO - Menutup cursor...
2025-04-12 21:46:15 - INFO - Menutup koneksi ke database...
2025-04-12 21:46:41 - INFO - Service smt at4 running...
2025-04-12 21:46:41 - INFO - Menghubungkan ke database MySQL: 103.145.177.173:10086
2025-04-12 21:46:41 - INFO - Koneksi MySQL berhasil!
2025-04-12 21:46:41 - INFO - Ditemukan 1 data.
2025-04-12 21:46:41 - INFO - Menutup cursor...
2025-04-12 21:46:41 - INFO - Menutup koneksi ke database...
2025-04-12 21:46:56 - INFO - Service smt at4 running...
2025-04-12 21:46:56 - INFO - Menghubungkan ke database MySQL: 103.145.177.173:10086
2025-04-12 21:46:56 - INFO - Koneksi MySQL berhasil!
2025-04-12 21:46:56 - INFO - Ditemukan 1 data.
2025-04-12 21:46:57 - INFO - Menutup cursor...
2025-04-12 21:46:57 - INFO - Menutup koneksi ke database...
2025-04-12 21:53:25 - INFO - Service smt at4 running...
2025-04-12 21:53:25 - INFO - Menghubungkan ke database MySQL: 103.145.177.173:10086
2025-04-12 21:53:26 - INFO - Koneksi MySQL berhasil!
2025-04-12 21:53:26 - INFO - Ditemukan 1 data.
2025-04-12 21:53:26 - ERROR - Terjadi error saat menjalankan service: 'code'
2025-04-12 21:53:26 - INFO - Menutup cursor...
2025-04-12 21:53:26 - INFO - Menutup koneksi ke database...
2025-04-12 21:53:48 - INFO - Service smt at4 running...
2025-04-12 21:53:48 - INFO - Menghubungkan ke database MySQL: 103.145.177.173:10086
2025-04-12 21:53:49 - INFO - Koneksi MySQL berhasil!
2025-04-12 21:53:49 - INFO - Ditemukan 1 data.
2025-04-12 21:53:49 - ERROR - Terjadi error saat menjalankan service: 'code'
2025-04-12 21:53:49 - INFO - Menutup cursor...
2025-04-12 21:53:49 - INFO - Menutup koneksi ke database...
2025-04-12 21:54:11 - INFO - Service smt at4 running...
2025-04-12 21:54:11 - INFO - Menghubungkan ke database MySQL: 103.145.177.173:10086
2025-04-12 21:54:11 - INFO - Koneksi MySQL berhasil!
2025-04-12 21:54:11 - INFO - Ditemukan 1 data.
2025-04-12 21:54:12 - INFO - Menutup cursor...
2025-04-12 21:54:12 - INFO - Menutup koneksi ke database...
2025-04-12 21:54:38 - INFO - Service smt at4 running...
2025-04-12 21:54:38 - INFO - Menghubungkan ke database MySQL: 103.145.177.173:10086
2025-04-12 21:54:38 - INFO - Koneksi MySQL berhasil!
2025-04-12 21:54:38 - INFO - Ditemukan 1 data.
2025-04-12 21:54:39 - INFO - Menjalankan query: 
                            UPDATE smt_at4 
                            SET flag = %s, TanggalKirim = %s, ResponseStatus = %s, ResponseMessage = %s 
                            WHERE id = %s
                         dengan parameter (1, '2025/04/12 21:54:39', 0, 'Berhasil diterima, data dalam proses komparasi.', 9)
2025-04-12 21:54:39 - INFO - Query berhasil dieksekusi.
2025-04-12 21:54:39 - INFO - Menutup cursor...
2025-04-12 21:54:39 - INFO - Menutup koneksi ke database...
2025-04-12 21:55:43 - INFO - Service smt at4 running...
2025-04-12 21:55:43 - INFO - Menghubungkan ke database MySQL: 103.145.177.173:10086
2025-04-12 21:55:43 - INFO - Koneksi MySQL berhasil!
2025-04-12 21:55:44 - INFO - Ditemukan 1 data.
2025-04-12 21:55:44 - INFO - Flagging data...
2025-04-12 21:55:44 - INFO - Query berhasil dieksekusi.
2025-04-12 21:55:44 - INFO - Menutup cursor...
2025-04-12 21:55:44 - INFO - Menutup koneksi ke database...
2025-04-12 22:06:57 - INFO - Service smt at4 running...
2025-04-12 22:06:57 - INFO - Menghubungkan ke database MySQL: 103.145.177.173:10086
2025-04-12 22:06:57 - INFO - Koneksi MySQL berhasil!
2025-04-12 22:06:57 - INFO - Ditemukan 0 data.
2025-04-12 22:06:57 - INFO - Menutup cursor...
2025-04-12 22:06:57 - INFO - Menutup koneksi ke database...
